c:\users\1916037\desktop\cube-\x64\release\vc141.pdb
c:\users\1916037\desktop\cube-\x64\release\_debugconout.obj
c:\users\1916037\desktop\cube-\x64\release\stageselectscene.obj
c:\users\1916037\desktop\cube-\x64\release\stagemng.obj
c:\users\1916037\desktop\cube-\x64\release\charselectscene.obj
c:\users\1916037\desktop\cube-\x64\release\titlescene.obj
c:\users\1916037\desktop\cube-\x64\release\scenemng.obj
c:\users\1916037\desktop\cube-\x64\release\main.obj
c:\users\1916037\desktop\cube-\x64\release\basescene.obj
c:\users\1916037\desktop\cube-\x64\release\gamescene.obj
c:\users\1916037\desktop\cube-\x64\release\player.obj
c:\users\1916037\desktop\cube-\x64\release\object.obj
c:\users\1916037\desktop\cube-\x64\release\layer.obj
c:\users\1916037\desktop\cube-\x64\release\imagemng.obj
c:\users\1916037\desktop\cube-\x64\release\lockcube.obj
c:\users\1916037\desktop\cube-\x64\release\fallcube.obj
c:\users\1916037\desktop\cube-\x64\release\cangripcube.obj
c:\users\1916037\desktop\cube-\x64\release\checkhitobj.obj
c:\users\1916037\desktop\cube-\x64\release\check_dir.obj
c:\users\1916037\desktop\cube-\x64\release\cube!.ipdb
c:\users\1916037\desktop\cube-\x64\release\cube!.iobj
c:\users\1916037\desktop\cube-\x64\release\cube!.exe
c:\users\1916037\desktop\cube-\x64\release\cube!.pdb
c:\users\1916037\desktop\cube-\x64\release\cube!.tlog\cl.command.1.tlog
c:\users\1916037\desktop\cube-\x64\release\cube!.tlog\cl.read.1.tlog
c:\users\1916037\desktop\cube-\x64\release\cube!.tlog\cl.write.1.tlog
c:\users\1916037\desktop\cube-\x64\release\cube!.tlog\cube!.write.1u.tlog
c:\users\1916037\desktop\cube-\x64\release\cube!.tlog\link.command.1.tlog
c:\users\1916037\desktop\cube-\x64\release\cube!.tlog\link.read.1.tlog
c:\users\1916037\desktop\cube-\x64\release\cube!.tlog\link.write.1.tlog
