c:\users\ewan1\onedrive\desktop\cube-\x64\debug\vc141.pdb
c:\users\ewan1\onedrive\desktop\cube-\x64\debug\vc141.idb
c:\users\ewan1\onedrive\desktop\cube-\x64\debug\_debugconout.obj
c:\users\ewan1\onedrive\desktop\cube-\x64\debug\stageselectscene.obj
c:\users\ewan1\onedrive\desktop\cube-\x64\debug\stagemng.obj
c:\users\ewan1\onedrive\desktop\cube-\x64\debug\charselectscene.obj
c:\users\ewan1\onedrive\desktop\cube-\x64\debug\titlescene.obj
c:\users\ewan1\onedrive\desktop\cube-\x64\debug\scenemng.obj
c:\users\ewan1\onedrive\desktop\cube-\x64\debug\main.obj
c:\users\ewan1\onedrive\desktop\cube-\x64\debug\basescene.obj
c:\users\ewan1\onedrive\desktop\cube-\x64\debug\gamescene.obj
c:\users\ewan1\onedrive\desktop\cube-\x64\debug\player.obj
c:\users\ewan1\onedrive\desktop\cube-\x64\debug\object.obj
c:\users\ewan1\onedrive\desktop\cube-\x64\debug\layer.obj
c:\users\ewan1\onedrive\desktop\cube-\x64\debug\imagemng.obj
c:\users\ewan1\onedrive\desktop\cube-\x64\debug\lockcube.obj
c:\users\ewan1\onedrive\desktop\cube-\x64\debug\fallcube.obj
c:\users\ewan1\onedrive\desktop\cube-\x64\debug\cangripcube.obj
c:\users\ewan1\onedrive\desktop\cube-\x64\debug\checkhitobj.obj
c:\users\ewan1\onedrive\desktop\cube-\x64\debug\check_dir.obj
c:\users\ewan1\onedrive\desktop\cube-\x64\debug\liftcube.obj
c:\users\ewan1\onedrive\desktop\cube-\x64\debug\rankmng.obj
c:\users\ewan1\onedrive\desktop\cube-\x64\debug\nameselectscene.obj
c:\users\ewan1\onedrive\desktop\cube-\x64\debug\rankmng.obj.enc
c:\users\ewan1\onedrive\desktop\cube-\x64\debug\cube!.pdb
c:\users\ewan1\onedrive\desktop\cube-\x64\debug\cube!.exe
c:\users\ewan1\onedrive\desktop\cube-\x64\debug\cube!.tlog\cl.command.1.tlog
c:\users\ewan1\onedrive\desktop\cube-\x64\debug\cube!.tlog\cl.read.1.tlog
c:\users\ewan1\onedrive\desktop\cube-\x64\debug\cube!.tlog\cl.write.1.tlog
c:\users\ewan1\onedrive\desktop\cube-\x64\debug\cube!.tlog\link.7124.read.1.tlog
c:\users\ewan1\onedrive\desktop\cube-\x64\debug\cube!.tlog\link.7124.write.1.tlog
c:\users\ewan1\onedrive\desktop\cube-\x64\debug\cube!.tlog\link.command.1.tlog
c:\users\ewan1\onedrive\desktop\cube-\x64\debug\cube!.tlog\link.read.1.tlog
c:\users\ewan1\onedrive\desktop\cube-\x64\debug\cube!.tlog\link.write.1.tlog
